[1.276s] Invoking command in '/home/ibrahim/webots_tutotrial_1/src/webots_pkg_sim': DEBUGINFOD_URLS=https://debuginfod.ubuntu.com PYTHONPATH=/home/ibrahim/webots_tutotrial_1/build/webots_pkg_sim/prefix_override:/usr/lib/python3/dist-packages/colcon_core/task/python/colcon_distutils_commands:/home/ibrahim/webots_tutotrial_1/install/webots_pkg_sim/lib/python3.12/site-packages:${PYTHONPATH} /usr/bin/python3 -W ignore:setup.py install is deprecated -W ignore:easy_install command is deprecated setup.py egg_info --egg-base ../../build/webots_pkg_sim build --build-base /home/ibrahim/webots_tutotrial_1/build/webots_pkg_sim/build install --record /home/ibrahim/webots_tutotrial_1/build/webots_pkg_sim/install.log --single-version-externally-managed install_data
[1.499s] running egg_info
[1.517s] writing ../../build/webots_pkg_sim/webots_pkg_sim.egg-info/PKG-INFO
[1.517s] writing dependency_links to ../../build/webots_pkg_sim/webots_pkg_sim.egg-info/dependency_links.txt
[1.518s] writing entry points to ../../build/webots_pkg_sim/webots_pkg_sim.egg-info/entry_points.txt
[1.518s] writing requirements to ../../build/webots_pkg_sim/webots_pkg_sim.egg-info/requires.txt
[1.518s] writing top-level names to ../../build/webots_pkg_sim/webots_pkg_sim.egg-info/top_level.txt
[1.556s] reading manifest file '../../build/webots_pkg_sim/webots_pkg_sim.egg-info/SOURCES.txt'
[1.557s] writing manifest file '../../build/webots_pkg_sim/webots_pkg_sim.egg-info/SOURCES.txt'
[1.557s] running build
[1.557s] running build_py
[1.558s] running install
[1.562s] running install_lib
[1.580s] running install_data
[1.580s] copying launch/swerve_launch.py -> /home/ibrahim/webots_tutotrial_1/install/webots_pkg_sim/share/webots_pkg_sim/launch
[1.581s] running install_egg_info
[1.599s] removing '/home/ibrahim/webots_tutotrial_1/install/webots_pkg_sim/lib/python3.12/site-packages/webots_pkg_sim-0.0.0-py3.12.egg-info' (and everything under it)
[1.600s] Copying ../../build/webots_pkg_sim/webots_pkg_sim.egg-info to /home/ibrahim/webots_tutotrial_1/install/webots_pkg_sim/lib/python3.12/site-packages/webots_pkg_sim-0.0.0-py3.12.egg-info
[1.600s] running install_scripts
[1.722s] Installing costmap script to /home/ibrahim/webots_tutotrial_1/install/webots_pkg_sim/lib/webots_pkg_sim
[1.722s] Installing costmap_lifecycle script to /home/ibrahim/webots_tutotrial_1/install/webots_pkg_sim/lib/webots_pkg_sim
[1.722s] Installing rover_driver script to /home/ibrahim/webots_tutotrial_1/install/webots_pkg_sim/lib/webots_pkg_sim
[1.722s] Installing vo_odom script to /home/ibrahim/webots_tutotrial_1/install/webots_pkg_sim/lib/webots_pkg_sim
[1.722s] Installing webots_driver script to /home/ibrahim/webots_tutotrial_1/install/webots_pkg_sim/lib/webots_pkg_sim
[1.723s] writing list of installed files to '/home/ibrahim/webots_tutotrial_1/build/webots_pkg_sim/install.log'
[1.744s] Invoked command in '/home/ibrahim/webots_tutotrial_1/src/webots_pkg_sim' returned '0': DEBUGINFOD_URLS=https://debuginfod.ubuntu.com PYTHONPATH=/home/ibrahim/webots_tutotrial_1/build/webots_pkg_sim/prefix_override:/usr/lib/python3/dist-packages/colcon_core/task/python/colcon_distutils_commands:/home/ibrahim/webots_tutotrial_1/install/webots_pkg_sim/lib/python3.12/site-packages:${PYTHONPATH} /usr/bin/python3 -W ignore:setup.py install is deprecated -W ignore:easy_install command is deprecated setup.py egg_info --egg-base ../../build/webots_pkg_sim build --build-base /home/ibrahim/webots_tutotrial_1/build/webots_pkg_sim/build install --record /home/ibrahim/webots_tutotrial_1/build/webots_pkg_sim/install.log --single-version-externally-managed install_data
