[0.722s] Invoking command in '/home/ibrahim/webots_tutotrial_1/src/webots_pkg_sim': DEBUGINFOD_URLS=https://debuginfod.ubuntu.com PYTHONPATH=/home/ibrahim/webots_tutotrial_1/build/webots_pkg_sim/prefix_override:/usr/lib/python3/dist-packages/colcon_core/task/python/colcon_distutils_commands:/home/ibrahim/webots_tutotrial_1/install/webots_pkg_sim/lib/python3.12/site-packages:${PYTHONPATH} /usr/bin/python3 -W ignore:setup.py install is deprecated -W ignore:easy_install command is deprecated setup.py egg_info --egg-base ../../build/webots_pkg_sim build --build-base /home/ibrahim/webots_tutotrial_1/build/webots_pkg_sim/build install --record /home/ibrahim/webots_tutotrial_1/build/webots_pkg_sim/install.log --single-version-externally-managed install_data
[0.960s] running egg_info
[0.978s] writing ../../build/webots_pkg_sim/webots_pkg_sim.egg-info/PKG-INFO
[0.979s] writing dependency_links to ../../build/webots_pkg_sim/webots_pkg_sim.egg-info/dependency_links.txt
[0.979s] writing entry points to ../../build/webots_pkg_sim/webots_pkg_sim.egg-info/entry_points.txt
[0.979s] writing requirements to ../../build/webots_pkg_sim/webots_pkg_sim.egg-info/requires.txt
[0.979s] writing top-level names to ../../build/webots_pkg_sim/webots_pkg_sim.egg-info/top_level.txt
[1.018s] reading manifest file '../../build/webots_pkg_sim/webots_pkg_sim.egg-info/SOURCES.txt'
[1.019s] writing manifest file '../../build/webots_pkg_sim/webots_pkg_sim.egg-info/SOURCES.txt'
[1.019s] running build
[1.019s] running build_py
[1.019s] copying webots_pkg_sim/vo_code.py -> /home/ibrahim/webots_tutotrial_1/build/webots_pkg_sim/build/lib/webots_pkg_sim
[1.020s] running install
[1.025s] running install_lib
[1.044s] copying /home/ibrahim/webots_tutotrial_1/build/webots_pkg_sim/build/lib/webots_pkg_sim/vo_code.py -> /home/ibrahim/webots_tutotrial_1/install/webots_pkg_sim/lib/python3.12/site-packages/webots_pkg_sim
[1.045s] byte-compiling /home/ibrahim/webots_tutotrial_1/install/webots_pkg_sim/lib/python3.12/site-packages/webots_pkg_sim/vo_code.py to vo_code.cpython-312.pyc
[1.047s] running install_data
[1.048s] running install_egg_info
[1.068s] removing '/home/ibrahim/webots_tutotrial_1/install/webots_pkg_sim/lib/python3.12/site-packages/webots_pkg_sim-0.0.0-py3.12.egg-info' (and everything under it)
[1.069s] Copying ../../build/webots_pkg_sim/webots_pkg_sim.egg-info to /home/ibrahim/webots_tutotrial_1/install/webots_pkg_sim/lib/python3.12/site-packages/webots_pkg_sim-0.0.0-py3.12.egg-info
[1.070s] running install_scripts
[1.197s] Installing costmap script to /home/ibrahim/webots_tutotrial_1/install/webots_pkg_sim/lib/webots_pkg_sim
[1.197s] Installing costmap_lifecycle script to /home/ibrahim/webots_tutotrial_1/install/webots_pkg_sim/lib/webots_pkg_sim
[1.197s] Installing rover_driver script to /home/ibrahim/webots_tutotrial_1/install/webots_pkg_sim/lib/webots_pkg_sim
[1.197s] Installing vo_odom script to /home/ibrahim/webots_tutotrial_1/install/webots_pkg_sim/lib/webots_pkg_sim
[1.197s] Installing webots_driver script to /home/ibrahim/webots_tutotrial_1/install/webots_pkg_sim/lib/webots_pkg_sim
[1.198s] writing list of installed files to '/home/ibrahim/webots_tutotrial_1/build/webots_pkg_sim/install.log'
[1.229s] Invoked command in '/home/ibrahim/webots_tutotrial_1/src/webots_pkg_sim' returned '0': DEBUGINFOD_URLS=https://debuginfod.ubuntu.com PYTHONPATH=/home/ibrahim/webots_tutotrial_1/build/webots_pkg_sim/prefix_override:/usr/lib/python3/dist-packages/colcon_core/task/python/colcon_distutils_commands:/home/ibrahim/webots_tutotrial_1/install/webots_pkg_sim/lib/python3.12/site-packages:${PYTHONPATH} /usr/bin/python3 -W ignore:setup.py install is deprecated -W ignore:easy_install command is deprecated setup.py egg_info --egg-base ../../build/webots_pkg_sim build --build-base /home/ibrahim/webots_tutotrial_1/build/webots_pkg_sim/build install --record /home/ibrahim/webots_tutotrial_1/build/webots_pkg_sim/install.log --single-version-externally-managed install_data
